Lesson92/app/build/intermediates/manifest_merge_blame_file/debug/manifest-merger-blame-debug-report.txt
1<?xml version="1.0" encoding="utf-8"?>
2<!--
3  ~ Copyright (C) 2018 Google Inc.
4  ~
5  ~ Licensed under the Apache License, Version 2.0 (the "License");
6  ~ you may not use this file except in compliance with the License.
7  ~ You may obtain a copy of the License at
8  ~
9  ~     http://www.apache.org/licenses/LICENSE-2.0
10  ~
11  ~ Unless required by applicable law or agreed to in writing, software
12  ~ distributed under the License is distributed on an "AS IS" BASIS,
13  ~ WITHOUT WARRANTIES OR CONDITIONS OF ANY KIND, either express or implied.
14  ~ See the License for the specific language governing permissions and
15  ~ limitations under the License.
16-->
17<manifest xmlns:android="http://schemas.android.com/apk/res/android"
18    package="com.example.android.appwithsettings"
19    android:versionCode="1"
20    android:versionName="1.0" >
21
22    <uses-sdk
23        android:minSdkVersion="15"
23-->src\main\AndroidManifest.xml
24        android:targetSdkVersion="26" />
24-->src\main\AndroidManifest.xml
25
26    <application
26-->src\main\AndroidManifest.xml:21:5-45:19
27        android:allowBackup="true"
27-->src\main\AndroidManifest.xml:22:9-35
28        android:debuggable="true"
29        android:icon="@mipmap/ic_launcher"
29-->src\main\AndroidManifest.xml:23:9-43
30        android:label="@string/app_name"
30-->src\main\AndroidManifest.xml:24:9-41
31        android:roundIcon="@mipmap/ic_launcher_round"
31-->src\main\AndroidManifest.xml:25:9-54
32        android:supportsRtl="true"
32-->src\main\AndroidManifest.xml:26:9-35
33        android:testOnly="true"
34        android:theme="@style/AppTheme" >
34-->src\main\AndroidManifest.xml:27:9-40
35        <activity
35-->src\main\AndroidManifest.xml:28:9-34:20
36            android:name="com.example.android.appwithsettings.SettingsActivity"
36-->src\main\AndroidManifest.xml:28:19-51
37            android:label="Settings"
37-->src\main\AndroidManifest.xml:29:13-37
38            android:parentActivityName="com.example.android.appwithsettings.MainActivity" >
38-->src\main\AndroidManifest.xml:30:13-55
39            <meta-data
39-->src\main\AndroidManifest.xml:31:13-33:48
40                android:name="android.support.PARENT_ACTIVITY"
40-->src\main\AndroidManifest.xml:32:17-63
41                android:value=".MainActivity" />
41-->src\main\AndroidManifest.xml:33:17-46
42        </activity>
43        <activity
43-->src\main\AndroidManifest.xml:35:9-44:20
44            android:name="com.example.android.appwithsettings.MainActivity"
44-->src\main\AndroidManifest.xml:36:13-41
45            android:label="@string/app_name"
45-->src\main\AndroidManifest.xml:37:13-45
46            android:theme="@style/AppTheme.NoActionBar" >
46-->src\main\AndroidManifest.xml:38:13-56
47            <intent-filter>
47-->src\main\AndroidManifest.xml:39:13-43:29
48                <action android:name="android.intent.action.MAIN" />
48-->src\main\AndroidManifest.xml:40:17-69
48-->src\main\AndroidManifest.xml:40:25-66
49
50                <category android:name="android.intent.category.LAUNCHER" />
50-->src\main\AndroidManifest.xml:42:17-77
50-->src\main\AndroidManifest.xml:42:27-74
51            </intent-filter>
52        </activity>
53
54        <meta-data
54-->[com.android.support:design:26.1.0] AndroidManifest.xml:26:9-28:38
55            android:name="android.support.VERSION"
55-->[com.android.support:design:26.1.0] AndroidManifest.xml:27:13-51
56            android:value="26.1.0" />
56-->[com.android.support:design:26.1.0] AndroidManifest.xml:28:13-35
57        <meta-data
57-->[android.arch.lifecycle:runtime:1.0.0] AndroidManifest.xml:25:9-27:47
58            android:name="android.arch.lifecycle.VERSION"
58-->[android.arch.lifecycle:runtime:1.0.0] AndroidManifest.xml:26:13-58
59            android:value="27.0.0-SNAPSHOT" />
59-->[android.arch.lifecycle:runtime:1.0.0] AndroidManifest.xml:27:13-44
60    </application>
61
62</manifest>